[ 75%] Built target lane_detector
[100%] Built target mock_camera
-- Install configuration: ""
-- Execute custom install script
-- Up-to-date symlink: /home/jetson/ros2_ws/src/lane_lab/install/lane_lab/lib/lane_lab/mock_camera
-- Up-to-date symlink: /home/jetson/ros2_ws/src/lane_lab/install/lane_lab/lib/lane_lab/lane_detector
-- Up-to-date symlink: /home/jetson/ros2_ws/src/lane_lab/install/lane_lab/share/lane_lab/launch/offline_lane_demo.launch.py
-- Up-to-date symlink: /home/jetson/ros2_ws/src/lane_lab/install/lane_lab/share/lane_lab/config/lane.yaml
-- Up-to-date symlink: /home/jetson/ros2_ws/src/lane_lab/install/lane_lab/share/ament_index/resource_index/package_run_dependencies/lane_lab
-- Up-to-date symlink: /home/jetson/ros2_ws/src/lane_lab/install/lane_lab/share/ament_index/resource_index/parent_prefix_path/lane_lab
-- Up-to-date symlink: /home/jetson/ros2_ws/src/lane_lab/install/lane_lab/share/lane_lab/environment/ament_prefix_path.sh
-- Up-to-date symlink: /home/jetson/ros2_ws/src/lane_lab/install/lane_lab/share/lane_lab/environment/ament_prefix_path.dsv
-- Up-to-date symlink: /home/jetson/ros2_ws/src/lane_lab/install/lane_lab/share/lane_lab/environment/path.sh
-- Up-to-date symlink: /home/jetson/ros2_ws/src/lane_lab/install/lane_lab/share/lane_lab/environment/path.dsv
-- Up-to-date symlink: /home/jetson/ros2_ws/src/lane_lab/install/lane_lab/share/lane_lab/local_setup.bash
-- Up-to-date symlink: /home/jetson/ros2_ws/src/lane_lab/install/lane_lab/share/lane_lab/local_setup.sh
-- Up-to-date symlink: /home/jetson/ros2_ws/src/lane_lab/install/lane_lab/share/lane_lab/local_setup.zsh
-- Up-to-date symlink: /home/jetson/ros2_ws/src/lane_lab/install/lane_lab/share/lane_lab/local_setup.dsv
-- Symlinking: /home/jetson/ros2_ws/src/lane_lab/install/lane_lab/share/lane_lab/package.dsv
-- Up-to-date symlink: /home/jetson/ros2_ws/src/lane_lab/install/lane_lab/share/ament_index/resource_index/packages/lane_lab
-- Up-to-date symlink: /home/jetson/ros2_ws/src/lane_lab/install/lane_lab/share/lane_lab/cmake/lane_labConfig.cmake
-- Up-to-date symlink: /home/jetson/ros2_ws/src/lane_lab/install/lane_lab/share/lane_lab/cmake/lane_labConfig-version.cmake
-- Up-to-date symlink: /home/jetson/ros2_ws/src/lane_lab/install/lane_lab/share/lane_lab/package.xml
