[0.343s] [34mcolcon[0m [1;30mDEBUG[0m [32mCommand line arguments: ['/usr/bin/colcon', 'build', '--symlink-install'][0m
[0.343s] [34mcolcon[0m [1;30mDEBUG[0m [32mParsed command line arguments: Namespace(log_base=None, log_level=None, verb_name='build', build_base='build', install_base='install', merge_install=False, symlink_install=True, test_result_base=None, continue_on_error=False, executor='parallel', parallel_workers=6, event_handlers=None, ignore_user_meta=False, metas=['./colcon.meta'], base_paths=['.'], packages_ignore=None, packages_ignore_regex=None, paths=None, packages_up_to=None, packages_up_to_regex=None, packages_above=None, packages_above_and_dependencies=None, packages_above_depth=None, packages_select_by_dep=None, packages_skip_by_dep=None, packages_skip_up_to=None, packages_select_build_failed=False, packages_skip_build_finished=False, packages_select_test_failures=False, packages_skip_test_passed=False, packages_select=None, packages_skip=None, packages_select_regex=None, packages_skip_regex=None, packages_start=None, packages_end=None, allow_overriding=[], cmake_args=None, cmake_target=None, cmake_target_skip_unavailable=False, cmake_clean_cache=False, cmake_clean_first=False, cmake_force_configure=False, ament_cmake_args=None, catkin_cmake_args=None, catkin_skip_building_tests=False, mixin_files=None, mixin=None, verb_parser=<colcon_mixin.mixin.mixin_argument.MixinArgumentDecorator object at 0xffffbb182e30>, verb_extension=<colcon_core.verb.build.BuildVerb object at 0xffffbb182080>, main=<bound method BuildVerb.main of <colcon_core.verb.build.BuildVerb object at 0xffffbb182080>>, mixin_verb=('build',))[0m
[0.873s] [34mcolcon.colcon_core.package_discovery[0m [1;30mLevel 1[0m discover_packages(colcon_meta) check parameters
[0.873s] [34mcolcon.colcon_core.package_discovery[0m [1;30mLevel 1[0m discover_packages(recursive) check parameters
[0.874s] [34mcolcon.colcon_core.package_discovery[0m [1;30mLevel 1[0m discover_packages(ignore) check parameters
[0.874s] [34mcolcon.colcon_core.package_discovery[0m [1;30mLevel 1[0m discover_packages(path) check parameters
[0.874s] [34mcolcon.colcon_core.package_discovery[0m [1;30mLevel 1[0m discover_packages(colcon_meta) discover
[0.874s] [34mcolcon.colcon_core.package_discovery[0m [1;30mLevel 1[0m discover_packages(recursive) discover
[0.874s] [34mcolcon.colcon_core.package_discovery[0m [1;30mINFO[0m Crawling recursively for packages in '/home/jetson/ros2_ws/src/lane_lab'
[0.874s] [34mcolcon.colcon_core.package_identification[0m [1;30mLevel 1[0m _identify(.) by extensions ['ignore', 'ignore_ament_install']
[0.874s] [34mcolcon.colcon_core.package_identification[0m [1;30mLevel 1[0m _identify(.) by extension 'ignore'
[0.875s] [34mcolcon.colcon_core.package_identification[0m [1;30mLevel 1[0m _identify(.) by extension 'ignore_ament_install'
[0.875s] [34mcolcon.colcon_core.package_identification[0m [1;30mLevel 1[0m _identify(.) by extensions ['colcon_pkg']
[0.875s] [34mcolcon.colcon_core.package_identification[0m [1;30mLevel 1[0m _identify(.) by extension 'colcon_pkg'
[0.875s] [34mcolcon.colcon_core.package_identification[0m [1;30mLevel 1[0m _identify(.) by extensions ['colcon_meta']
[0.875s] [34mcolcon.colcon_core.package_identification[0m [1;30mLevel 1[0m _identify(.) by extension 'colcon_meta'
[0.875s] [34mcolcon.colcon_core.package_identification[0m [1;30mLevel 1[0m _identify(.) by extensions ['ros']
[0.875s] [34mcolcon.colcon_core.package_identification[0m [1;30mLevel 1[0m _identify(.) by extension 'ros'
[0.934s] [34mcolcon.colcon_core.package_identification[0m [1;30mDEBUG[0m [32mPackage '.' with type 'ros.ament_cmake' and name 'lane_lab'[0m
[0.935s] [34mcolcon.colcon_core.package_discovery[0m [1;30mLevel 1[0m discover_packages(recursive) using defaults
[0.935s] [34mcolcon.colcon_core.package_discovery[0m [1;30mLevel 1[0m discover_packages(ignore) discover
[0.935s] [34mcolcon.colcon_core.package_discovery[0m [1;30mLevel 1[0m discover_packages(ignore) using defaults
[0.935s] [34mcolcon.colcon_core.package_discovery[0m [1;30mLevel 1[0m discover_packages(path) discover
[0.935s] [34mcolcon.colcon_core.package_discovery[0m [1;30mLevel 1[0m discover_packages(path) using defaults
[0.972s] [34mcolcon.colcon_core.package_discovery[0m [1;30mLevel 1[0m discover_packages(prefix_path) check parameters
[0.973s] [34mcolcon.colcon_core.package_discovery[0m [1;30mLevel 1[0m discover_packages(prefix_path) discover
[0.977s] [34mcolcon.colcon_installed_package_information.package_discovery[0m [1;30mDEBUG[0m [32mFound 1 installed packages in /home/jetson/yahboom_ws/install[0m
[0.979s] [34mcolcon.colcon_installed_package_information.package_discovery[0m [1;30mDEBUG[0m [32mFound 281 installed packages in /opt/ros/humble[0m
[0.981s] [34mcolcon.colcon_core.package_discovery[0m [1;30mLevel 1[0m discover_packages(prefix_path) using defaults
[1.050s] [34mcolcon.colcon_core.verb[0m [1;30mLevel 5[0m set package 'lane_lab' build argument 'cmake_args' from command line to 'None'
[1.050s] [34mcolcon.colcon_core.verb[0m [1;30mLevel 5[0m set package 'lane_lab' build argument 'cmake_target' from command line to 'None'
[1.050s] [34mcolcon.colcon_core.verb[0m [1;30mLevel 5[0m set package 'lane_lab' build argument 'cmake_target_skip_unavailable' from command line to 'False'
[1.050s] [34mcolcon.colcon_core.verb[0m [1;30mLevel 5[0m set package 'lane_lab' build argument 'cmake_clean_cache' from command line to 'False'
[1.050s] [34mcolcon.colcon_core.verb[0m [1;30mLevel 5[0m set package 'lane_lab' build argument 'cmake_clean_first' from command line to 'False'
[1.050s] [34mcolcon.colcon_core.verb[0m [1;30mLevel 5[0m set package 'lane_lab' build argument 'cmake_force_configure' from command line to 'False'
[1.050s] [34mcolcon.colcon_core.verb[0m [1;30mLevel 5[0m set package 'lane_lab' build argument 'ament_cmake_args' from command line to 'None'
[1.050s] [34mcolcon.colcon_core.verb[0m [1;30mLevel 5[0m set package 'lane_lab' build argument 'catkin_cmake_args' from command line to 'None'
[1.050s] [34mcolcon.colcon_core.verb[0m [1;30mLevel 5[0m set package 'lane_lab' build argument 'catkin_skip_building_tests' from command line to 'False'
[1.050s] [34mcolcon.colcon_core.verb[0m [1;30mDEBUG[0m [32mBuilding package 'lane_lab' with the following arguments: {'ament_cmake_args': None, 'build_base': '/home/jetson/ros2_ws/src/lane_lab/build/lane_lab', 'catkin_cmake_args': None, 'catkin_skip_building_tests': False, 'cmake_args': None, 'cmake_clean_cache': False, 'cmake_clean_first': False, 'cmake_force_configure': False, 'cmake_target': None, 'cmake_target_skip_unavailable': False, 'install_base': '/home/jetson/ros2_ws/src/lane_lab/install/lane_lab', 'merge_install': False, 'path': '/home/jetson/ros2_ws/src/lane_lab', 'symlink_install': True, 'test_result_base': None}[0m
[1.051s] [34mcolcon.colcon_core.executor[0m [1;30mINFO[0m Executing jobs using 'parallel' executor
[1.053s] [34mcolcon.colcon_parallel_executor.executor.parallel[0m [1;30mDEBUG[0m [32mrun_until_complete[0m
[1.054s] [34mcolcon.colcon_ros.task.ament_cmake.build[0m [1;30mINFO[0m Building ROS package in '/home/jetson/ros2_ws/src/lane_lab' with build type 'ament_cmake'
[1.054s] [34mcolcon.colcon_cmake.task.cmake.build[0m [1;30mINFO[0m Building CMake package in '/home/jetson/ros2_ws/src/lane_lab'
[1.061s] [34mcolcon.colcon_core.plugin_system[0m [1;30mINFO[0m Skipping extension 'colcon_core.shell.bat': Not used on non-Windows systems
[1.062s] [34mcolcon.colcon_core.shell[0m [1;30mINFO[0m Skip shell extension 'powershell' for command environment: Not usable outside of PowerShell
[1.062s] [34mcolcon.colcon_core.shell[0m [1;30mDEBUG[0m [32mSkip shell extension 'dsv' for command environment[0m
[1.079s] [34mcolcon.colcon_core.event_handler.log_command[0m [1;30mDEBUG[0m [32mInvoking command in '/home/jetson/ros2_ws/src/lane_lab/build/lane_lab': CMAKE_PREFIX_PATH=/home/jetson/yahboom_ws/install/camera:/opt/ros/humble /usr/bin/cmake /home/jetson/ros2_ws/src/lane_lab -DAMENT_CMAKE_SYMLINK_INSTALL=1 -DCMAKE_INSTALL_PREFIX=/home/jetson/ros2_ws/src/lane_lab/install/lane_lab[0m
[4.012s] [34mcolcon.colcon_core.event_handler.log_command[0m [1;30mDEBUG[0m [32mInvoked command in '/home/jetson/ros2_ws/src/lane_lab/build/lane_lab' returned '0': CMAKE_PREFIX_PATH=/home/jetson/yahboom_ws/install/camera:/opt/ros/humble /usr/bin/cmake /home/jetson/ros2_ws/src/lane_lab -DAMENT_CMAKE_SYMLINK_INSTALL=1 -DCMAKE_INSTALL_PREFIX=/home/jetson/ros2_ws/src/lane_lab/install/lane_lab[0m
[4.013s] [34mcolcon.colcon_core.event_handler.log_command[0m [1;30mDEBUG[0m [32mInvoking command in '/home/jetson/ros2_ws/src/lane_lab/build/lane_lab': CMAKE_PREFIX_PATH=/home/jetson/yahboom_ws/install/camera:/opt/ros/humble /usr/bin/cmake --build /home/jetson/ros2_ws/src/lane_lab/build/lane_lab -- -j6 -l6[0m
[18.977s] [34mcolcon.colcon_core.event_handler.log_command[0m [1;30mDEBUG[0m [32mInvoked command in '/home/jetson/ros2_ws/src/lane_lab/build/lane_lab' returned '0': CMAKE_PREFIX_PATH=/home/jetson/yahboom_ws/install/camera:/opt/ros/humble /usr/bin/cmake --build /home/jetson/ros2_ws/src/lane_lab/build/lane_lab -- -j6 -l6[0m
[19.001s] [34mcolcon.colcon_core.event_handler.log_command[0m [1;30mDEBUG[0m [32mInvoking command in '/home/jetson/ros2_ws/src/lane_lab/build/lane_lab': CMAKE_PREFIX_PATH=/home/jetson/yahboom_ws/install/camera:/opt/ros/humble /usr/bin/cmake --install /home/jetson/ros2_ws/src/lane_lab/build/lane_lab[0m
[19.402s] [34mcolcon.colcon_core.environment[0m [1;30mLevel 1[0m create_environment_scripts_only(lane_lab)
[19.404s] [34mcolcon.colcon_core.event_handler.log_command[0m [1;30mDEBUG[0m [32mInvoked command in '/home/jetson/ros2_ws/src/lane_lab/build/lane_lab' returned '0': CMAKE_PREFIX_PATH=/home/jetson/yahboom_ws/install/camera:/opt/ros/humble /usr/bin/cmake --install /home/jetson/ros2_ws/src/lane_lab/build/lane_lab[0m
[19.442s] [34mcolcon.colcon_core.environment[0m [1;30mLevel 1[0m checking '/home/jetson/ros2_ws/src/lane_lab/install/lane_lab' for CMake module files
[19.444s] [34mcolcon.colcon_core.environment[0m [1;30mLevel 1[0m checking '/home/jetson/ros2_ws/src/lane_lab/install/lane_lab' for CMake config files
[19.444s] [34mcolcon.colcon_core.shell[0m [1;30mLevel 1[0m create_environment_hook('lane_lab', 'cmake_prefix_path')
[19.445s] [34mcolcon.colcon_core.shell[0m [1;30mINFO[0m Creating environment hook '/home/jetson/ros2_ws/src/lane_lab/install/lane_lab/share/lane_lab/hook/cmake_prefix_path.ps1'
[19.447s] [34mcolcon.colcon_core.shell[0m [1;30mINFO[0m Creating environment descriptor '/home/jetson/ros2_ws/src/lane_lab/install/lane_lab/share/lane_lab/hook/cmake_prefix_path.dsv'
[19.450s] [34mcolcon.colcon_core.shell[0m [1;30mINFO[0m Creating environment hook '/home/jetson/ros2_ws/src/lane_lab/install/lane_lab/share/lane_lab/hook/cmake_prefix_path.sh'
[19.452s] [34mcolcon.colcon_core.environment[0m [1;30mLevel 1[0m checking '/home/jetson/ros2_ws/src/lane_lab/install/lane_lab/lib'
[19.452s] [34mcolcon.colcon_core.environment[0m [1;30mLevel 1[0m checking '/home/jetson/ros2_ws/src/lane_lab/install/lane_lab/bin'
[19.453s] [34mcolcon.colcon_core.environment[0m [1;30mLevel 1[0m checking '/home/jetson/ros2_ws/src/lane_lab/install/lane_lab/lib/pkgconfig/lane_lab.pc'
[19.453s] [34mcolcon.colcon_core.environment[0m [1;30mLevel 1[0m checking '/home/jetson/ros2_ws/src/lane_lab/install/lane_lab/lib/python3.10/site-packages'
[19.453s] [34mcolcon.colcon_core.environment[0m [1;30mLevel 1[0m checking '/home/jetson/ros2_ws/src/lane_lab/install/lane_lab/bin'
[19.454s] [34mcolcon.colcon_core.shell[0m [1;30mINFO[0m Creating package script '/home/jetson/ros2_ws/src/lane_lab/install/lane_lab/share/lane_lab/package.ps1'
[19.457s] [34mcolcon.colcon_core.shell[0m [1;30mINFO[0m Creating package descriptor '/home/jetson/ros2_ws/src/lane_lab/install/lane_lab/share/lane_lab/package.dsv'
[19.459s] [34mcolcon.colcon_core.shell[0m [1;30mINFO[0m Creating package script '/home/jetson/ros2_ws/src/lane_lab/install/lane_lab/share/lane_lab/package.sh'
[19.462s] [34mcolcon.colcon_core.shell[0m [1;30mINFO[0m Creating package script '/home/jetson/ros2_ws/src/lane_lab/install/lane_lab/share/lane_lab/package.bash'
[19.466s] [34mcolcon.colcon_core.shell[0m [1;30mINFO[0m Creating package script '/home/jetson/ros2_ws/src/lane_lab/install/lane_lab/share/lane_lab/package.zsh'
[19.468s] [34mcolcon.colcon_core.environment[0m [1;30mLevel 1[0m create_file_with_runtime_dependencies(/home/jetson/ros2_ws/src/lane_lab/install/lane_lab/share/colcon-core/packages/lane_lab)
[19.471s] [34mcolcon.colcon_core.environment[0m [1;30mLevel 1[0m create_environment_scripts_only(lane_lab)
[19.472s] [34mcolcon.colcon_core.environment[0m [1;30mLevel 1[0m checking '/home/jetson/ros2_ws/src/lane_lab/install/lane_lab' for CMake module files
[19.474s] [34mcolcon.colcon_core.environment[0m [1;30mLevel 1[0m checking '/home/jetson/ros2_ws/src/lane_lab/install/lane_lab' for CMake config files
[19.474s] [34mcolcon.colcon_core.shell[0m [1;30mLevel 1[0m create_environment_hook('lane_lab', 'cmake_prefix_path')
[19.475s] [34mcolcon.colcon_core.shell[0m [1;30mINFO[0m Creating environment hook '/home/jetson/ros2_ws/src/lane_lab/install/lane_lab/share/lane_lab/hook/cmake_prefix_path.ps1'
[19.477s] [34mcolcon.colcon_core.shell[0m [1;30mINFO[0m Creating environment descriptor '/home/jetson/ros2_ws/src/lane_lab/install/lane_lab/share/lane_lab/hook/cmake_prefix_path.dsv'
[19.478s] [34mcolcon.colcon_core.shell[0m [1;30mINFO[0m Creating environment hook '/home/jetson/ros2_ws/src/lane_lab/install/lane_lab/share/lane_lab/hook/cmake_prefix_path.sh'
[19.480s] [34mcolcon.colcon_core.environment[0m [1;30mLevel 1[0m checking '/home/jetson/ros2_ws/src/lane_lab/install/lane_lab/lib'
[19.480s] [34mcolcon.colcon_core.environment[0m [1;30mLevel 1[0m checking '/home/jetson/ros2_ws/src/lane_lab/install/lane_lab/bin'
[19.480s] [34mcolcon.colcon_core.environment[0m [1;30mLevel 1[0m checking '/home/jetson/ros2_ws/src/lane_lab/install/lane_lab/lib/pkgconfig/lane_lab.pc'
[19.481s] [34mcolcon.colcon_core.environment[0m [1;30mLevel 1[0m checking '/home/jetson/ros2_ws/src/lane_lab/install/lane_lab/lib/python3.10/site-packages'
[19.482s] [34mcolcon.colcon_core.environment[0m [1;30mLevel 1[0m checking '/home/jetson/ros2_ws/src/lane_lab/install/lane_lab/bin'
[19.482s] [34mcolcon.colcon_core.shell[0m [1;30mINFO[0m Creating package script '/home/jetson/ros2_ws/src/lane_lab/install/lane_lab/share/lane_lab/package.ps1'
[19.484s] [34mcolcon.colcon_core.shell[0m [1;30mINFO[0m Creating package descriptor '/home/jetson/ros2_ws/src/lane_lab/install/lane_lab/share/lane_lab/package.dsv'
[19.485s] [34mcolcon.colcon_core.shell[0m [1;30mINFO[0m Creating package script '/home/jetson/ros2_ws/src/lane_lab/install/lane_lab/share/lane_lab/package.sh'
[19.487s] [34mcolcon.colcon_core.shell[0m [1;30mINFO[0m Creating package script '/home/jetson/ros2_ws/src/lane_lab/install/lane_lab/share/lane_lab/package.bash'
[19.488s] [34mcolcon.colcon_core.shell[0m [1;30mINFO[0m Creating package script '/home/jetson/ros2_ws/src/lane_lab/install/lane_lab/share/lane_lab/package.zsh'
[19.489s] [34mcolcon.colcon_core.environment[0m [1;30mLevel 1[0m create_file_with_runtime_dependencies(/home/jetson/ros2_ws/src/lane_lab/install/lane_lab/share/colcon-core/packages/lane_lab)
[19.490s] [34mcolcon.colcon_parallel_executor.executor.parallel[0m [1;30mDEBUG[0m [32mclosing loop[0m
[19.490s] [34mcolcon.colcon_parallel_executor.executor.parallel[0m [1;30mDEBUG[0m [32mloop closed[0m
[19.491s] [34mcolcon.colcon_parallel_executor.executor.parallel[0m [1;30mDEBUG[0m [32mrun_until_complete finished with '0'[0m
[19.491s] [34mcolcon.colcon_core.event_reactor[0m [1;30mDEBUG[0m [32mjoining thread[0m
[19.512s] [34mcolcon.colcon_core.plugin_system[0m [1;30mINFO[0m Skipping extension 'colcon_notification.desktop_notification.terminal_notifier': Not used on non-Darwin systems
[19.512s] [34mcolcon.colcon_core.plugin_system[0m [1;30mINFO[0m Skipping extension 'colcon_notification.desktop_notification.win32': Not used on non-Windows systems
[19.512s] [34mcolcon.colcon_notification.desktop_notification[0m [1;30mINFO[0m Sending desktop notification using 'notify2'
[19.580s] [34mcolcon.colcon_core.event_reactor[0m [1;30mDEBUG[0m [32mjoined thread[0m
[19.581s] [34mcolcon.colcon_core.shell[0m [1;30mINFO[0m Creating prefix script '/home/jetson/ros2_ws/src/lane_lab/install/local_setup.ps1'
[19.584s] [34mcolcon.colcon_core.shell[0m [1;30mINFO[0m Creating prefix util module '/home/jetson/ros2_ws/src/lane_lab/install/_local_setup_util_ps1.py'
[19.587s] [34mcolcon.colcon_core.shell[0m [1;30mINFO[0m Creating prefix chain script '/home/jetson/ros2_ws/src/lane_lab/install/setup.ps1'
[19.590s] [34mcolcon.colcon_core.shell[0m [1;30mINFO[0m Creating prefix script '/home/jetson/ros2_ws/src/lane_lab/install/local_setup.sh'
[19.591s] [34mcolcon.colcon_core.shell[0m [1;30mINFO[0m Creating prefix util module '/home/jetson/ros2_ws/src/lane_lab/install/_local_setup_util_sh.py'
[19.592s] [34mcolcon.colcon_core.shell[0m [1;30mINFO[0m Creating prefix chain script '/home/jetson/ros2_ws/src/lane_lab/install/setup.sh'
[19.594s] [34mcolcon.colcon_core.shell[0m [1;30mINFO[0m Creating prefix script '/home/jetson/ros2_ws/src/lane_lab/install/local_setup.bash'
[19.596s] [34mcolcon.colcon_core.shell[0m [1;30mINFO[0m Creating prefix chain script '/home/jetson/ros2_ws/src/lane_lab/install/setup.bash'
[19.598s] [34mcolcon.colcon_core.shell[0m [1;30mINFO[0m Creating prefix script '/home/jetson/ros2_ws/src/lane_lab/install/local_setup.zsh'
[19.599s] [34mcolcon.colcon_core.shell[0m [1;30mINFO[0m Creating prefix chain script '/home/jetson/ros2_ws/src/lane_lab/install/setup.zsh'
