-- Found ament_cmake: 1.3.11 (/opt/ros/humble/share/ament_cmake/cmake)
-- Override CMake install command with custom implementation using symlinks instead of copying resources
-- Found rclcpp: 16.0.11 (/opt/ros/humble/share/rclcpp/cmake)
-- Found rosidl_generator_c: 3.1.6 (/opt/ros/humble/share/rosidl_generator_c/cmake)
-- Found rosidl_adapter: 3.1.6 (/opt/ros/humble/share/rosidl_adapter/cmake)
-- Found rosidl_generator_cpp: 3.1.6 (/opt/ros/humble/share/rosidl_generator_cpp/cmake)
-- Using all available rosidl_typesupport_c: rosidl_typesupport_fastrtps_c;rosidl_typesupport_introspection_c
-- Using all available rosidl_typesupport_cpp: rosidl_typesupport_fastrtps_cpp;rosidl_typesupport_introspection_cpp
-- Found rmw_implementation_cmake: 6.1.2 (/opt/ros/humble/share/rmw_implementation_cmake/cmake)
-- Found rmw_fastrtps_cpp: 6.2.7 (/opt/ros/humble/share/rmw_fastrtps_cpp/cmake)
-- Using RMW implementation 'rmw_fastrtps_cpp' as default
-- Found sensor_msgs: 4.2.4 (/opt/ros/humble/share/sensor_msgs/cmake)
-- Found nav_msgs: 4.2.4 (/opt/ros/humble/share/nav_msgs/cmake)
-- Found image_transport: 3.1.10 (/opt/ros/humble/share/image_transport/cmake)
-- Found cv_bridge: 3.2.1 (/opt/ros/humble/share/cv_bridge/cmake)
-- Configuring done
-- Generating done
-- Build files have been written to: /home/jetson/ros2_ws/src/lane_lab/build/lane_lab
[35m[1mConsolidate compiler generated dependencies of target lane_detector[0m
[35m[1mConsolidate compiler generated dependencies of target mock_camera[0m
[ 50%] [32mBuilding CXX object CMakeFiles/mock_camera.dir/src/mock_camera.cpp.o[0m
[ 50%] [32mBuilding CXX object CMakeFiles/lane_detector.dir/src/lane_detector.cpp.o[0m
[ 75%] [32m[1mLinking CXX executable mock_camera[0m
/usr/bin/ld: warning: libopencv_core.so.4.5d, needed by /opt/ros/humble/lib/libcv_bridge.so, may conflict with libopencv_core.so.410
[100%] [32m[1mLinking CXX executable lane_detector[0m
[100%] Built target mock_camera
/usr/bin/ld: warning: libopencv_imgcodecs.so.4.5d, needed by /opt/ros/humble/lib/libcv_bridge.so, may conflict with libopencv_imgcodecs.so.410
/usr/bin/ld: warning: libopencv_imgproc.so.4.5d, needed by /opt/ros/humble/lib/libcv_bridge.so, may conflict with libopencv_imgproc.so.410
/usr/bin/ld: warning: libopencv_core.so.4.5d, needed by /opt/ros/humble/lib/libcv_bridge.so, may conflict with libopencv_core.so.410
[100%] Built target lane_detector
-- Install configuration: ""
-- Execute custom install script
-- Up-to-date symlink: /home/jetson/ros2_ws/src/lane_lab/install/lane_lab/lib/lane_lab/mock_camera
-- Up-to-date symlink: /home/jetson/ros2_ws/src/lane_lab/install/lane_lab/lib/lane_lab/lane_detector
-- Up-to-date symlink: /home/jetson/ros2_ws/src/lane_lab/install/lane_lab/share/lane_lab/launch/offline_lane_demo.launch.py
-- Up-to-date symlink: /home/jetson/ros2_ws/src/lane_lab/install/lane_lab/share/lane_lab/config/lane.yaml
-- Up-to-date symlink: /home/jetson/ros2_ws/src/lane_lab/install/lane_lab/share/ament_index/resource_index/package_run_dependencies/lane_lab
-- Up-to-date symlink: /home/jetson/ros2_ws/src/lane_lab/install/lane_lab/share/ament_index/resource_index/parent_prefix_path/lane_lab
-- Up-to-date symlink: /home/jetson/ros2_ws/src/lane_lab/install/lane_lab/share/lane_lab/environment/ament_prefix_path.sh
-- Up-to-date symlink: /home/jetson/ros2_ws/src/lane_lab/install/lane_lab/share/lane_lab/environment/ament_prefix_path.dsv
-- Up-to-date symlink: /home/jetson/ros2_ws/src/lane_lab/install/lane_lab/share/lane_lab/environment/path.sh
-- Up-to-date symlink: /home/jetson/ros2_ws/src/lane_lab/install/lane_lab/share/lane_lab/environment/path.dsv
-- Up-to-date symlink: /home/jetson/ros2_ws/src/lane_lab/install/lane_lab/share/lane_lab/local_setup.bash
-- Up-to-date symlink: /home/jetson/ros2_ws/src/lane_lab/install/lane_lab/share/lane_lab/local_setup.sh
-- Up-to-date symlink: /home/jetson/ros2_ws/src/lane_lab/install/lane_lab/share/lane_lab/local_setup.zsh
-- Up-to-date symlink: /home/jetson/ros2_ws/src/lane_lab/install/lane_lab/share/lane_lab/local_setup.dsv
-- Symlinking: /home/jetson/ros2_ws/src/lane_lab/install/lane_lab/share/lane_lab/package.dsv
-- Up-to-date symlink: /home/jetson/ros2_ws/src/lane_lab/install/lane_lab/share/ament_index/resource_index/packages/lane_lab
-- Up-to-date symlink: /home/jetson/ros2_ws/src/lane_lab/install/lane_lab/share/lane_lab/cmake/lane_labConfig.cmake
-- Up-to-date symlink: /home/jetson/ros2_ws/src/lane_lab/install/lane_lab/share/lane_lab/cmake/lane_labConfig-version.cmake
-- Up-to-date symlink: /home/jetson/ros2_ws/src/lane_lab/install/lane_lab/share/lane_lab/package.xml
